#
# There is insufficient memory for the Java Runtime Environment to continue.
# Native memory allocation (malloc) failed to allocate 32744 bytes for ChunkPool::allocate
# Possible reasons:
#   The system is out of physical RAM or swap space
#   In 32 bit mode, the process size limit was hit
# Possible solutions:
#   Reduce memory load on the system
#   Increase physical memory or swap space
#   Check if swap backing store is full
#   Use 64 bit Java on a 64 bit OS
#   Decrease Java heap size (-Xmx/-Xms)
#   Decrease number of Java threads
#   Decrease Java thread stack sizes (-Xss)
#   Set larger code cache with -XX:ReservedCodeCacheSize=
# This output file may be truncated or incomplete.
#
#  Out of Memory Error (allocation.cpp:273), pid=1468, tid=0x0000000000000584
#
# JRE version: Java(TM) SE Runtime Environment (8.0_111-b14) (build 1.8.0_111-b14)
# Java VM: Java HotSpot(TM) 64-Bit Server VM (25.111-b14 mixed mode windows-amd64 compressed oops)
# Failed to write core dump. Minidumps are not enabled by default on client versions of Windows
#

---------------  T H R E A D  ---------------

Current thread (0x00000000539cb000):  JavaThread "C1 CompilerThread1" daemon [_thread_in_native, id=1412, stack(0x0000000054f50000,0x0000000055050000)]

Stack: [0x0000000054f50000,0x0000000055050000]
[error occurred during error reporting (printing stack bounds), id 0xc0000005]

Native frames: (J=compiled Java code, j=interpreted, Vv=VM code, C=native code)


Current CompileTask:
C1:   7352 1442   !   1       java.net.URL::<init> (543 bytes)


---------------  P R O C E S S  ---------------

Java Threads: ( => current thread )
  0x00000000559ad800 JavaThread "restartedMain" [_thread_in_vm, id=1020, stack(0x0000000056070000,0x0000000056170000)]
  0x00000000559aa000 JavaThread "Thread-0" [_thread_blocked, id=3244, stack(0x0000000055f60000,0x0000000056060000)]
  0x00000000539ce000 JavaThread "Service Thread" daemon [_thread_blocked, id=2368, stack(0x00000000554f0000,0x00000000555f0000)]
=>0x00000000539cb000 JavaThread "C1 CompilerThread1" daemon [_thread_in_native, id=1412, stack(0x0000000054f50000,0x0000000055050000)]
  0x000000005396d000 JavaThread "C2 CompilerThread0" daemon [_thread_blocked, id=4000, stack(0x0000000054dc0000,0x0000000054ec0000)]
  0x000000005396c000 JavaThread "Attach Listener" daemon [_thread_blocked, id=3748, stack(0x0000000054c50000,0x0000000054d50000)]
  0x000000005396a000 JavaThread "Signal Dispatcher" daemon [_thread_blocked, id=2532, stack(0x00000000549a0000,0x0000000054aa0000)]
  0x0000000053951000 JavaThread "Finalizer" daemon [_thread_blocked, id=3348, stack(0x00000000546c0000,0x00000000547c0000)]
  0x0000000053907800 JavaThread "Reference Handler" daemon [_thread_blocked, id=3476, stack(0x0000000054510000,0x0000000054610000)]
  0x0000000002122000 JavaThread "main" [_thread_blocked, id=1140, stack(0x0000000002470000,0x0000000002570000)]

Other Threads:
  0x00000000538ff800 VMThread [stack: 0x00000000543a0000,0x00000000544a0000] [id=2784]
  0x0000000055053800 WatcherThread [stack: 0x0000000055610000,0x0000000055710000] [id=1692]

VM state:not at safepoint (normal execution)

VM Mutex/Monitor currently owned by a thread: None

Heap:
 PSYoungGen      total 18432K, used 12416K [0x00000000f5600000, 0x00000000f6900000, 0x0000000100000000)
  eden space 17408K, 71% used [0x00000000f5600000,0x00000000f62203f8,0x00000000f6700000)
  from space 1024K, 0% used [0x00000000f6700000,0x00000000f6700000,0x00000000f6800000)
  to   space 1024K, 0% used [0x00000000f6800000,0x00000000f6800000,0x00000000f6900000)
 ParOldGen       total 19968K, used 5972K [0x00000000e0200000, 0x00000000e1580000, 0x00000000f5600000)
  object space 19968K, 29% used [0x00000000e0200000,0x00000000e07d5160,0x00000000e1580000)
 Metaspace       used 15070K, capacity 15826K, committed 16000K, reserved 1064960K
  class space    used 1987K, capacity 2170K, committed 2176K, reserved 1048576K

Card table byte_map: [0x0000000002200000,0x0000000002300000] byte_map_base: 0x0000000001aff000

Marking Bits: (ParMarkBitMap*) 0x000000006c35a6c0
 Begin Bits: [0x0000000011ee0000, 0x00000000126d8000)
 End Bits:   [0x00000000126d8000, 0x0000000012ed0000)

Polling page: 0x0000000000430000

CodeCache: size=245760Kb used=3153Kb max_used=3153Kb free=242606Kb
 bounds [0x0000000002840000, 0x0000000002b60000, 0x0000000011840000]
 total_blobs=1772 nmethods=1441 adapters=245
 compilation: enabled

Compilation events (10 events):
Event: 7.284 Thread 0x00000000539cb000 nmethod 1437 0x0000000002b531d0 code [0x0000000002b53320, 0x0000000002b53450]
Event: 7.284 Thread 0x00000000539cb000 1438       1       ch.qos.logback.classic.selector.DefaultContextSelector::getDefaultLoggerContext (5 bytes)
Event: 7.284 Thread 0x00000000539cb000 nmethod 1438 0x0000000002b53490 code [0x0000000002b535e0, 0x0000000002b536f0]
Event: 7.287 Thread 0x00000000539cb000 1439       1       java.util.regex.Pattern$BmpCharProperty::match (50 bytes)
Event: 7.288 Thread 0x00000000539cb000 nmethod 1439 0x0000000002b53750 code [0x0000000002b538c0, 0x0000000002b53ac8]
Event: 7.288 Thread 0x00000000539cb000 1440       1       java.util.regex.Pattern$Single::isSatisfiedBy (14 bytes)
Event: 7.289 Thread 0x00000000539cb000 nmethod 1440 0x0000000002b53bd0 code [0x0000000002b53d20, 0x0000000002b53e50]
Event: 7.289 Thread 0x00000000539cb000 1441  s    1       java.lang.StringBuffer::length (5 bytes)
Event: 7.289 Thread 0x00000000539cb000 nmethod 1441 0x0000000002b53e90 code [0x0000000002b53fe0, 0x0000000002b54250]
Event: 7.340 Thread 0x00000000539cb000 1442   !   1       java.net.URL::<init> (543 bytes)

GC Heap History (10 events):
Event: 4.506 GC heap before
{Heap before GC invocations=6 (full 0):
 PSYoungGen      total 18432K, used 18343K [0x00000000f5600000, 0x00000000f6900000, 0x0000000100000000)
  eden space 17408K, 100% used [0x00000000f5600000,0x00000000f6700000,0x00000000f6700000)
  from space 1024K, 91% used [0x00000000f6700000,0x00000000f67e9d98,0x00000000f6800000)
  to   space 1024K, 0% used [0x00000000f6800000,0x00000000f6800000,0x00000000f6900000)
 ParOldGen       total 22016K, used 2607K [0x00000000e0200000, 0x00000000e1780000, 0x00000000f5600000)
  object space 22016K, 11% used [0x00000000e0200000,0x00000000e048bcd8,0x00000000e1780000)
 Metaspace       used 8884K, capacity 9206K, committed 9472K, reserved 1056768K
  class space    used 1083K, capacity 1176K, committed 1280K, reserved 1048576K
Event: 4.515 GC heap after
Heap after GC invocations=6 (full 0):
 PSYoungGen      total 18432K, used 1022K [0x00000000f5600000, 0x00000000f6900000, 0x0000000100000000)
  eden space 17408K, 0% used [0x00000000f5600000,0x00000000f5600000,0x00000000f6700000)
  from space 1024K, 99% used [0x00000000f6800000,0x00000000f68ffaf8,0x00000000f6900000)
  to   space 1024K, 0% used [0x00000000f6700000,0x00000000f6700000,0x00000000f6800000)
 ParOldGen       total 22016K, used 4342K [0x00000000e0200000, 0x00000000e1780000, 0x00000000f5600000)
  object space 22016K, 19% used [0x00000000e0200000,0x00000000e063da70,0x00000000e1780000)
 Metaspace       used 8884K, capacity 9206K, committed 9472K, reserved 1056768K
  class space    used 1083K, capacity 1176K, committed 1280K, reserved 1048576K
}
Event: 5.598 GC heap before
{Heap before GC invocations=7 (full 0):
 PSYoungGen      total 18432K, used 18430K [0x00000000f5600000, 0x00000000f6900000, 0x0000000100000000)
  eden space 17408K, 100% used [0x00000000f5600000,0x00000000f6700000,0x00000000f6700000)
  from space 1024K, 99% used [0x00000000f6800000,0x00000000f68ffaf8,0x00000000f6900000)
  to   space 1024K, 0% used [0x00000000f6700000,0x00000000f6700000,0x00000000f6800000)
 ParOldGen       total 22016K, used 4342K [0x00000000e0200000, 0x00000000e1780000, 0x00000000f5600000)
  object space 22016K, 19% used [0x00000000e0200000,0x00000000e063da70,0x00000000e1780000)
 Metaspace       used 10914K, capacity 11480K, committed 11648K, reserved 1058816K
  class space    used 1408K, capacity 1549K, committed 1664K, reserved 1048576K
Event: 5.611 GC heap after
Heap after GC invocations=7 (full 0):
 PSYoungGen      total 18432K, used 1001K [0x00000000f5600000, 0x00000000f6900000, 0x0000000100000000)
  eden space 17408K, 0% used [0x00000000f5600000,0x00000000f5600000,0x00000000f6700000)
  from space 1024K, 97% used [0x00000000f6700000,0x00000000f67fa420,0x00000000f6800000)
  to   space 1024K, 0% used [0x00000000f6800000,0x00000000f6800000,0x00000000f6900000)
 ParOldGen       total 22016K, used 6554K [0x00000000e0200000, 0x00000000e1780000, 0x00000000f5600000)
  object space 22016K, 29% used [0x00000000e0200000,0x00000000e0866938,0x00000000e1780000)
 Metaspace       used 10914K, capacity 11480K, committed 11648K, reserved 1058816K
  class space    used 1408K, capacity 1549K, committed 1664K, reserved 1048576K
}
Event: 6.687 GC heap before
{Heap before GC invocations=8 (full 0):
 PSYoungGen      total 18432K, used 18395K [0x00000000f5600000, 0x00000000f6900000, 0x0000000100000000)
  eden space 17408K, 99% used [0x00000000f5600000,0x00000000f66fcb28,0x00000000f6700000)
  from space 1024K, 97% used [0x00000000f6700000,0x00000000f67fa420,0x00000000f6800000)
  to   space 1024K, 0% used [0x00000000f6800000,0x00000000f6800000,0x00000000f6900000)
 ParOldGen       total 22016K, used 6554K [0x00000000e0200000, 0x00000000e1780000, 0x00000000f5600000)
  object space 22016K, 29% used [0x00000000e0200000,0x00000000e0866938,0x00000000e1780000)
 Metaspace       used 13331K, capacity 14088K, committed 14208K, reserved 1060864K
  class space    used 1745K, capacity 1917K, committed 1920K, reserved 1048576K
Event: 6.716 GC heap after
Heap after GC invocations=8 (full 0):
 PSYoungGen      total 18432K, used 1024K [0x00000000f5600000, 0x00000000f6900000, 0x0000000100000000)
  eden space 17408K, 0% used [0x00000000f5600000,0x00000000f5600000,0x00000000f6700000)
  from space 1024K, 100% used [0x00000000f6800000,0x00000000f6900000,0x00000000f6900000)
  to   space 1024K, 0% used [0x00000000f6700000,0x00000000f6700000,0x00000000f6800000)
 ParOldGen       total 22016K, used 8905K [0x00000000e0200000, 0x00000000e1780000, 0x00000000f5600000)
  object space 22016K, 40% used [0x00000000e0200000,0x00000000e0ab2688,0x00000000e1780000)
 Metaspace       used 13331K, capacity 14088K, committed 14208K, reserved 1060864K
  class space    used 1745K, capacity 1917K, committed 1920K, reserved 1048576K
}
Event: 6.794 GC heap before
{Heap before GC invocations=9 (full 0):
 PSYoungGen      total 18432K, used 4178K [0x00000000f5600000, 0x00000000f6900000, 0x0000000100000000)
  eden space 17408K, 18% used [0x00000000f5600000,0x00000000f5914b88,0x00000000f6700000)
  from space 1024K, 100% used [0x00000000f6800000,0x00000000f6900000,0x00000000f6900000)
  to   space 1024K, 0% used [0x00000000f6700000,0x00000000f6700000,0x00000000f6800000)
 ParOldGen       total 22016K, used 8905K [0x00000000e0200000, 0x00000000e1780000, 0x00000000f5600000)
  object space 22016K, 40% used [0x00000000e0200000,0x00000000e0ab2688,0x00000000e1780000)
 Metaspace       used 13704K, capacity 14392K, committed 14592K, reserved 1069056K
  class space    used 1789K, capacity 1953K, committed 2048K, reserved 1048576K
Event: 6.800 GC heap after
Heap after GC invocations=9 (full 0):
 PSYoungGen      total 18432K, used 1024K [0x00000000f5600000, 0x00000000f6900000, 0x0000000100000000)
  eden space 17408K, 0% used [0x00000000f5600000,0x00000000f5600000,0x00000000f6700000)
  from space 1024K, 100% used [0x00000000f6700000,0x00000000f6800000,0x00000000f6800000)
  to   space 1024K, 0% used [0x00000000f6800000,0x00000000f6800000,0x00000000f6900000)
 ParOldGen       total 22016K, used 9350K [0x00000000e0200000, 0x00000000e1780000, 0x00000000f5600000)
  object space 22016K, 42% used [0x00000000e0200000,0x00000000e0b21ae8,0x00000000e1780000)
 Metaspace       used 13704K, capacity 14392K, committed 14592K, reserved 1069056K
  class space    used 1789K, capacity 1953K, committed 2048K, reserved 1048576K
}
Event: 6.800 GC heap before
{Heap before GC invocations=10 (full 1):
 PSYoungGen      total 18432K, used 1024K [0x00000000f5600000, 0x00000000f6900000, 0x0000000100000000)
  eden space 17408K, 0% used [0x00000000f5600000,0x00000000f5600000,0x00000000f6700000)
  from space 1024K, 100% used [0x00000000f6700000,0x00000000f6800000,0x00000000f6800000)
  to   space 1024K, 0% used [0x00000000f6800000,0x00000000f6800000,0x00000000f6900000)
 ParOldGen       total 22016K, used 9350K [0x00000000e0200000, 0x00000000e1780000, 0x00000000f5600000)
  object space 22016K, 42% used [0x00000000e0200000,0x00000000e0b21ae8,0x00000000e1780000)
 Metaspace       used 13704K, capacity 14392K, committed 14592K, reserved 1069056K
  class space    used 1789K, capacity 1953K, committed 2048K, reserved 1048576K
Event: 6.889 GC heap after
Heap after GC invocations=10 (full 1):
 PSYoungGen      total 18432K, used 0K [0x00000000f5600000, 0x00000000f6900000, 0x0000000100000000)
  eden space 17408K, 0% used [0x00000000f5600000,0x00000000f5600000,0x00000000f6700000)
  from space 1024K, 0% used [0x00000000f6700000,0x00000000f6700000,0x00000000f6800000)
  to   space 1024K, 0% used [0x00000000f6800000,0x00000000f6800000,0x00000000f6900000)
 ParOldGen       total 19968K, used 5972K [0x00000000e0200000, 0x00000000e1580000, 0x00000000f5600000)
  object space 19968K, 29% used [0x00000000e0200000,0x00000000e07d5160,0x00000000e1580000)
 Metaspace       used 13704K, capacity 14392K, committed 14592K, reserved 1064960K
  class space    used 1789K, capacity 1953K, committed 2048K, reserved 1048576K
}

Deoptimization events (0 events):
No events

Internal exceptions (10 events):
Event: 7.249 Thread 0x00000000559ad800 Exception <a 'java/lang/NoSuchMethodError': java.lang.Object.lambda$getMetaAnnotationTypes$1(Lorg/springframework/core/annotation/MergedAnnotation;)Ljava/lang/String;> (0x00000000f5f39978) thrown at [C:\re\workspace\8-2-build-windows-amd64-cygwin\jdk8u111
Event: 7.305 Thread 0x00000000539c5000 Exception <a 'java/lang/OutOfMemoryError'> (0x00000000f60dc288) thrown at [C:\re\workspace\8-2-build-windows-amd64-cygwin\jdk8u111\7883\hotspot\src\share\vm\prims\jni.cpp, line 735]
Event: 7.305 Thread 0x00000000539c5000 Exception <a 'java/lang/OutOfMemoryError'> (0x00000000f60dc288) thrown at [C:\re\workspace\8-2-build-windows-amd64-cygwin\jdk8u111\7883\hotspot\src\share\vm\prims\jvm.cpp, line 1390]
Event: 7.305 Thread 0x00000000539c5000 Exception <a 'java/lang/OutOfMemoryError'> (0x00000000f60dc288) thrown at [C:\re\workspace\8-2-build-windows-amd64-cygwin\jdk8u111\7883\hotspot\src\share\vm\prims\jvm.cpp, line 1390]
Event: 7.305 Thread 0x00000000539c5000 Exception <a 'java/lang/OutOfMemoryError'> (0x00000000f60dc288) thrown at [C:\re\workspace\8-2-build-windows-amd64-cygwin\jdk8u111\7883\hotspot\src\share\vm\prims\jvm.cpp, line 1390]
Event: 7.305 Thread 0x00000000539c5000 Exception <a 'java/lang/reflect/InvocationTargetException'> (0x00000000f60dc6f8) thrown at [C:\re\workspace\8-2-build-windows-amd64-cygwin\jdk8u111\7883\hotspot\src\share\vm\runtime\reflection.cpp, line 1092]
Event: 7.317 Thread 0x00000000539c5000 Exception <a 'java/lang/OutOfMemoryError'> (0x00000000f613ced8) thrown at [C:\re\workspace\8-2-build-windows-amd64-cygwin\jdk8u111\7883\hotspot\src\share\vm\prims\jni.cpp, line 735]
Event: 7.317 Thread 0x00000000539c5000 Exception <a 'java/lang/OutOfMemoryError'> (0x00000000f613ced8) thrown at [C:\re\workspace\8-2-build-windows-amd64-cygwin\jdk8u111\7883\hotspot\src\share\vm\prims\jvm.cpp, line 1390]
Event: 7.317 Thread 0x00000000539c5000 Exception <a 'java/lang/OutOfMemoryError'> (0x00000000f613ced8) thrown at [C:\re\workspace\8-2-build-windows-amd64-cygwin\jdk8u111\7883\hotspot\src\share\vm\prims\jvm.cpp, line 1390]
Event: 7.317 Thread 0x00000000539c5000 Exception <a 'java/lang/reflect/InvocationTargetException'> (0x00000000f613d2c8) thrown at [C:\re\workspace\8-2-build-windows-amd64-cygwin\jdk8u111\7883\hotspot\src\share\vm\runtime\reflection.cpp, line 1092]

Events (10 events):
Event: 7.336 loading class org/springframework/web/context/request/SessionScope
Event: 7.336 loading class org/springframework/web/context/request/SessionScope done
Event: 7.337 loading class javax/servlet/ServletRequest
Event: 7.337 loading class javax/servlet/ServletRequest done
Event: 7.338 loading class org/springframework/web/context/support/WebApplicationContextUtils$RequestObjectFactory
Event: 7.338 loading class org/springframework/web/context/support/WebApplicationContextUtils$RequestObjectFactory done
Event: 7.339 loading class javax/servlet/ServletResponse
Event: 7.339 loading class javax/servlet/ServletResponse done
Event: 7.344 loading class org/springframework/web/context/support/WebApplicationContextUtils$ResponseObjectFactory
Event: 7.344 loading class org/springframework/web/context/support/WebApplicationContextUtils$ResponseObjectFactory done


Dynamic libraries:
0x000000013fcb0000 - 0x000000013fce7000 	C:\Program Files\Java\jdk1.8.0_111\jre\bin\java.exe
0x0000000076fe0000 - 0x000000007718a000 	C:\Windows\SYSTEM32\ntdll.dll
0x0000000076ec0000 - 0x0000000076fdf000 	C:\Windows\system32\kernel32.dll
0x000007fefd020000 - 0x000007fefd08a000 	C:\Windows\system32\KERNELBASE.dll
0x000007fefdb60000 - 0x000007fefdc3b000 	C:\Windows\system32\ADVAPI32.dll
0x000007fefddd0000 - 0x000007fefde6f000 	C:\Windows\system32\msvcrt.dll
0x000007fefe2c0000 - 0x000007fefe2df000 	C:\Windows\SYSTEM32\sechost.dll
0x000007fefd700000 - 0x000007fefd82d000 	C:\Windows\system32\RPCRT4.dll
0x0000000076dc0000 - 0x0000000076eba000 	C:\Windows\system32\USER32.dll
0x000007fefde70000 - 0x000007fefded7000 	C:\Windows\system32\GDI32.dll
0x000007feff2e0000 - 0x000007feff2ee000 	C:\Windows\system32\LPK.dll
0x000007fefe1b0000 - 0x000007fefe27a000 	C:\Windows\system32\USP10.dll
0x000007fefb780000 - 0x000007fefb974000 	C:\Windows\WinSxS\amd64_microsoft.windows.common-controls_6595b64144ccf1df_6.0.7601.18837_none_fa3b1e3d17594757\COMCTL32.dll
0x000007feff260000 - 0x000007feff2d1000 	C:\Windows\system32\SHLWAPI.dll
0x000007fefe280000 - 0x000007fefe2ae000 	C:\Windows\system32\IMM32.DLL
0x000007fefe3c0000 - 0x000007fefe4c9000 	C:\Windows\system32\MSCTF.dll
0x000000006cba0000 - 0x000000006cc72000 	C:\Program Files\Java\jdk1.8.0_111\jre\bin\msvcr100.dll
0x000000006bb40000 - 0x000000006c3da000 	C:\Program Files\Java\jdk1.8.0_111\jre\bin\server\jvm.dll
0x000007fefad10000 - 0x000007fefad19000 	C:\Windows\system32\WSOCK32.dll
0x000007fefd6b0000 - 0x000007fefd6fd000 	C:\Windows\system32\WS2_32.dll
0x000007fefe2b0000 - 0x000007fefe2b8000 	C:\Windows\system32\NSI.dll
0x000007fef7de0000 - 0x000007fef7e1b000 	C:\Windows\system32\WINMM.dll
0x000007fefbe10000 - 0x000007fefbe1c000 	C:\Windows\system32\VERSION.dll
0x00000000771b0000 - 0x00000000771b7000 	C:\Windows\system32\PSAPI.DLL
0x0000000071a60000 - 0x0000000071a6f000 	C:\Program Files\Java\jdk1.8.0_111\jre\bin\verify.dll
0x0000000071a30000 - 0x0000000071a59000 	C:\Program Files\Java\jdk1.8.0_111\jre\bin\java.dll
0x0000000071a10000 - 0x0000000071a26000 	C:\Program Files\Java\jdk1.8.0_111\jre\bin\zip.dll
0x000007fefe4d0000 - 0x000007feff259000 	C:\Windows\system32\SHELL32.dll
0x000007fefd8f0000 - 0x000007fefdaf3000 	C:\Windows\system32\ole32.dll
0x000007fefcd20000 - 0x000007fefcd2f000 	C:\Windows\system32\profapi.dll
0x00000000719e0000 - 0x00000000719ed000 	C:\Program Files\Java\jdk1.8.0_111\jre\bin\management.dll
0x00000000719f0000 - 0x0000000071a0a000 	C:\Program Files\Java\jdk1.8.0_111\jre\bin\net.dll
0x000007fefc4c0000 - 0x000007fefc515000 	C:\Windows\system32\mswsock.dll
0x000007fefc4b0000 - 0x000007fefc4b7000 	C:\Windows\System32\wship6.dll
0x000007fefa6f0000 - 0x000007fefa705000 	C:\Windows\system32\NLAapi.dll
0x000007fefaad0000 - 0x000007fefaae5000 	C:\Windows\system32\napinsp.dll
0x000007fefa980000 - 0x000007fefa999000 	C:\Windows\system32\pnrpnsp.dll
0x000007fefc340000 - 0x000007fefc39b000 	C:\Windows\system32\DNSAPI.dll
0x000007fefaa70000 - 0x000007fefaa7b000 	C:\Windows\System32\winrnr.dll
0x000007fefbee0000 - 0x000007fefbee7000 	C:\Windows\System32\wshtcpip.dll
0x000007fefa460000 - 0x000007fefa487000 	C:\Windows\system32\IPHLPAPI.DLL
0x000007fefa450000 - 0x000007fefa45b000 	C:\Windows\system32\WINNSI.DLL
0x000007fef9970000 - 0x000007fef9978000 	C:\Windows\system32\rasadhlp.dll
0x000007fefa310000 - 0x000007fefa363000 	C:\Windows\System32\fwpuclnt.dll

VM Arguments:
jvm_args: -Xverify:none -XX:TieredStopAtLevel=1 
java_command: com.proyecto.club.ClubApplication
java_class_path (initial): C:\Users\W7\Documents\NetBeansProjects\GestionClub\target\classes;C:\Users\W7\.m2\repository\org\springframework\spring-aop\5.3.9\spring-aop-5.3.9.jar;C:\Users\W7\.m2\repository\org\aspectj\aspectjweaver\1.9.7\aspectjweaver-1.9.7.jar;C:\Users\W7\.m2\repository\com\zaxxer\HikariCP\4.0.3\HikariCP-4.0.3.jar;C:\Users\W7\.m2\repository\org\springframework\spring-jdbc\5.3.9\spring-jdbc-5.3.9.jar;C:\Users\W7\.m2\repository\jakarta\transaction\jakarta.transaction-api\1.3.3\jakarta.transaction-api-1.3.3.jar;C:\Users\W7\.m2\repository\jakarta\persistence\jakarta.persistence-api\2.2.3\jakarta.persistence-api-2.2.3.jar;C:\Users\W7\.m2\repository\org\hibernate\hibernate-core\5.4.32.Final\hibernate-core-5.4.32.Final.jar;C:\Users\W7\.m2\repository\org\jboss\logging\jboss-logging\3.4.2.Final\jboss-logging-3.4.2.Final.jar;C:\Users\W7\.m2\repository\org\javassist\javassist\3.27.0-GA\javassist-3.27.0-GA.jar;C:\Users\W7\.m2\repository\net\bytebuddy\byte-buddy\1.10.22\byte-buddy-1.10.22.jar;C:\Users\W7\.m2\repository\antlr\antlr\2.7.7\antlr-2.7.7.jar;C:\Users\W7\.m2\repository\org\jboss\jandex\2.2.3.Final\jandex-2.2.3.Final.jar;C:\Users\W7\.m2\repository\com\fasterxml\classmate\1.5.1\classmate-1.5.1.jar;C:\Users\W7\.m2\repository\org\dom4j\dom4j\2.1.3\dom4j-2.1.3.jar;C:\Users\W7\.m2\repository\org\hibernate\common\hibernate-commons-annotations\5.1.2.Final\hibernate-commons-annotations-5.1.2.Final.jar;C:\Users\W7\.m2\repository\org\glassfish\jaxb\jaxb-runtime\2.3.5\jaxb-runtime-2.3.5.jar;C:\Users\W7\.m2\repository\org\glassfish\jaxb\txw2\2.3.5\txw2-2.3.5.jar;C:\Users\W7\.m2\repository\com\sun\istack\istack-commons-runtime\3.0.12\istack-commons-runtime-3.0.12.jar;C:\Users\W7\.m2\repository\com\sun\activation\jakarta.activation\1.2.2\jakarta.activation-1.2.2.jar;C:\Users\W7\.m2\repository\org\springframework\data\spring-data-jpa\2.5.4\spring-data-jpa-2.5.4.jar;C:\Users\W7\.m2\repository\org\springframework\data\spring-data-commons\2.5.4\spring-data-commons-2.5.
Launcher Type: SUN_STANDARD

Environment Variables:



---------------  S Y S T E M  ---------------

OS: Windows 7 , 64 bit Build 7601 (6.1.7601.23418)

CPU:total 2 (2 cores per cpu, 1 threads per core) family 6 model 15 stepping 13, cmov, cx8, fxsr, mmx, sse, sse2, sse3, ssse3, tsc

Memory: 4k page, physical 2087224k(28776k free), swap 8348896k(5104k free)

vm_info: Java HotSpot(TM) 64-Bit Server VM (25.111-b14) for windows-amd64 JRE (1.8.0_111-b14), built on Sep 22 2016 19:24:05 by "java_re" with MS VC++ 10.0 (VS2010)

time: Wed Sep 15 17:13:35 2021
elapsed time: 7 seconds (0d 0h 0m 7s)

